0 info it worked if it ends with ok
1 verbose cli [ '/Users/lenxeon/.nvm/versions/node/v6.10.0/bin/node',
1 verbose cli   '/Users/lenxeon/.nvm/versions/node/v6.10.0/lib/node_modules/cnpm/node_modules/.bin/npm',
1 verbose cli   '--userconfig=/Users/lenxeon/.cnpmrc',
1 verbose cli   '--disturl=https://npm.taobao.org/mirrors/node',
1 verbose cli   '--registry=https://registry.npm.taobao.org',
1 verbose cli   'run',
1 verbose cli   'start' ]
2 info using npm@3.10.10
3 info using node@v6.10.0
4 verbose run-script [ 'prestart', 'start', 'poststart' ]
5 info lifecycle app-cli@1.0.0~prestart: app-cli@1.0.0
6 silly lifecycle app-cli@1.0.0~prestart: no script for prestart, continuing
7 info lifecycle app-cli@1.0.0~start: app-cli@1.0.0
8 verbose lifecycle app-cli@1.0.0~start: unsafe-perm in lifecycle true
9 verbose lifecycle app-cli@1.0.0~start: PATH: /Users/lenxeon/.nvm/versions/node/v6.10.0/lib/node_modules/cnpm/node_modules/npm/bin/node-gyp-bin:/Volumes/data/workspace/app-cli/node_modules/.bin:/Users/lenxeon/.nvm/versions/node/v6.10.0/bin:/usr/local/opt/coreutils/libexec/gnubin:/usr/local/bin:/usr/bin:/bin:/usr/sbin:/sbin
10 verbose lifecycle app-cli@1.0.0~start: CWD: /Volumes/data/workspace/app-cli
11 silly lifecycle app-cli@1.0.0~start: Args: [ '-c', 'npm run build && node dist/index.js' ]
12 silly lifecycle app-cli@1.0.0~start: Returned: code: 1  signal: null
13 info lifecycle app-cli@1.0.0~start: Failed to exec start script
14 verbose stack Error: app-cli@1.0.0 start: `npm run build && node dist/index.js`
14 verbose stack Exit status 1
14 verbose stack     at EventEmitter.<anonymous> (/Users/lenxeon/.nvm/versions/node/v6.10.0/lib/node_modules/cnpm/node_modules/npm/lib/utils/lifecycle.js:255:16)
14 verbose stack     at emitTwo (events.js:106:13)
14 verbose stack     at EventEmitter.emit (events.js:191:7)
14 verbose stack     at ChildProcess.<anonymous> (/Users/lenxeon/.nvm/versions/node/v6.10.0/lib/node_modules/cnpm/node_modules/npm/lib/utils/spawn.js:40:14)
14 verbose stack     at emitTwo (events.js:106:13)
14 verbose stack     at ChildProcess.emit (events.js:191:7)
14 verbose stack     at maybeClose (internal/child_process.js:877:16)
14 verbose stack     at Process.ChildProcess._handle.onexit (internal/child_process.js:226:5)
15 verbose pkgid app-cli@1.0.0
16 verbose cwd /Volumes/data/workspace/app-cli
17 error Darwin 15.6.0
18 error argv "/Users/lenxeon/.nvm/versions/node/v6.10.0/bin/node" "/Users/lenxeon/.nvm/versions/node/v6.10.0/lib/node_modules/cnpm/node_modules/.bin/npm" "--userconfig=/Users/lenxeon/.cnpmrc" "--disturl=https://npm.taobao.org/mirrors/node" "--registry=https://registry.npm.taobao.org" "run" "start"
19 error node v6.10.0
20 error npm  v3.10.10
21 error code ELIFECYCLE
22 error app-cli@1.0.0 start: `npm run build && node dist/index.js`
22 error Exit status 1
23 error Failed at the app-cli@1.0.0 start script 'npm run build && node dist/index.js'.
23 error Make sure you have the latest version of node.js and npm installed.
23 error If you do, this is most likely a problem with the app-cli package,
23 error not with npm itself.
23 error Tell the author that this fails on your system:
23 error     npm run build && node dist/index.js
23 error You can get information on how to open an issue for this project with:
23 error     npm bugs app-cli
23 error Or if that isn't available, you can get their info via:
23 error     npm owner ls app-cli
23 error There is likely additional logging output above.
24 verbose exit [ 1, true ]
